<?xml version="1.0" encoding="UTF-8"?>
<testsuite name="testproject.AggregatorTest" tests="3" skipped="0" failures="0" errors="0" timestamp="2023-12-19T19:40:53" hostname="STARGAZZEER" time="0.069">
  <properties/>
  <testcase name="testInitialState()" classname="testproject.AggregatorTest" time="0.064"/>
  <testcase name="testMultipleAdditions()" classname="testproject.AggregatorTest" time="0.002"/>
  <testcase name="testSingleAddition()" classname="testproject.AggregatorTest" time="0.0"/>
  <system-out><![CDATA[]]></system-out>
  <system-err><![CDATA[]]></system-err>
</testsuite>
